<?xml version="1.0" encoding="UTF-8"?>
<testsuite xmlns:xsi="http://www.w3.org/2001/XMLSchema-instance" xsi:noNamespaceSchemaLocation="https://maven.apache.org/surefire/maven-surefire-plugin/xsd/surefire-test-report.xsd" name="com.example.currencyexchangerate.service.ExchangeServiceTest" time="0.114" tests="3" errors="0" skipped="0" failures="0">
  <properties>
[...]
</properties>
  <testcase name="checkExchangeFromPlnToPln" classname="com.example.currencyexchangerate.service.ExchangeServiceTest" time="0"/>
  <testcase name="checkExchangeFromGbpToEur" classname="com.example.currencyexchangerate.service.ExchangeServiceTest" time="0.09"/>
  <testcase name="checkExchangeFromUsdToPln" classname="com.example.currencyexchangerate.service.ExchangeServiceTest" time="0.024"/>
</testsuite>